[2024-05-28 15:43:04,206] INFO Registered kafka:type=kafka.Log4jController MBean (kafka.utils.Log4jControllerRegistration$)
[2024-05-28 15:43:04,549] ERROR Exiting Kafka due to fatal exception (kafka.Kafka$)
java.nio.file.NoSuchFileException: kafka/config/server.properties
	at java.base/sun.nio.fs.UnixException.translateToIOException(UnixException.java:92)
	at java.base/sun.nio.fs.UnixException.rethrowAsIOException(UnixException.java:111)
	at java.base/sun.nio.fs.UnixException.rethrowAsIOException(UnixException.java:116)
	at java.base/sun.nio.fs.UnixFileSystemProvider.newByteChannel(UnixFileSystemProvider.java:219)
	at java.base/java.nio.file.Files.newByteChannel(Files.java:371)
	at java.base/java.nio.file.Files.newByteChannel(Files.java:422)
	at java.base/java.nio.file.spi.FileSystemProvider.newInputStream(FileSystemProvider.java:420)
	at java.base/java.nio.file.Files.newInputStream(Files.java:156)
	at org.apache.kafka.common.utils.Utils.loadProps(Utils.java:686)
	at kafka.Kafka$.getPropsFromArgs(Kafka.scala:50)
	at kafka.Kafka$.main(Kafka.scala:89)
	at kafka.Kafka.main(Kafka.scala)
[2024-05-28 15:44:06,542] INFO Registered kafka:type=kafka.Log4jController MBean (kafka.utils.Log4jControllerRegistration$)
[2024-05-28 15:44:06,698] ERROR Exiting Kafka due to fatal exception (kafka.Kafka$)
java.io.IOException: Is a directory
	at java.base/sun.nio.ch.FileDispatcherImpl.read0(Native Method)
	at java.base/sun.nio.ch.FileDispatcherImpl.read(FileDispatcherImpl.java:48)
	at java.base/sun.nio.ch.IOUtil.readIntoNativeBuffer(IOUtil.java:276)
	at java.base/sun.nio.ch.IOUtil.read(IOUtil.java:245)
	at java.base/sun.nio.ch.FileChannelImpl.read(FileChannelImpl.java:223)
	at java.base/sun.nio.ch.ChannelInputStream.read(ChannelInputStream.java:65)
	at java.base/sun.nio.ch.ChannelInputStream.read(ChannelInputStream.java:107)
	at java.base/sun.nio.ch.ChannelInputStream.read(ChannelInputStream.java:101)
	at java.base/java.io.InputStream.read(InputStream.java:205)
	at java.base/java.util.Properties$LineReader.readLine(Properties.java:505)
	at java.base/java.util.Properties.load0(Properties.java:421)
	at java.base/java.util.Properties.load(Properties.java:410)
	at org.apache.kafka.common.utils.Utils.loadProps(Utils.java:687)
	at kafka.Kafka$.getPropsFromArgs(Kafka.scala:50)
	at kafka.Kafka$.main(Kafka.scala:89)
	at kafka.Kafka.main(Kafka.scala)
[2024-05-28 15:56:35,141] INFO Registered kafka:type=kafka.Log4jController MBean (kafka.utils.Log4jControllerRegistration$)
[2024-05-28 15:56:35,317] ERROR Exiting Kafka due to fatal exception (kafka.Kafka$)
java.io.IOException: Is a directory
	at java.base/sun.nio.ch.FileDispatcherImpl.read0(Native Method)
	at java.base/sun.nio.ch.FileDispatcherImpl.read(FileDispatcherImpl.java:48)
	at java.base/sun.nio.ch.IOUtil.readIntoNativeBuffer(IOUtil.java:276)
	at java.base/sun.nio.ch.IOUtil.read(IOUtil.java:245)
	at java.base/sun.nio.ch.FileChannelImpl.read(FileChannelImpl.java:223)
	at java.base/sun.nio.ch.ChannelInputStream.read(ChannelInputStream.java:65)
	at java.base/sun.nio.ch.ChannelInputStream.read(ChannelInputStream.java:107)
	at java.base/sun.nio.ch.ChannelInputStream.read(ChannelInputStream.java:101)
	at java.base/java.io.InputStream.read(InputStream.java:205)
	at java.base/java.util.Properties$LineReader.readLine(Properties.java:505)
	at java.base/java.util.Properties.load0(Properties.java:421)
	at java.base/java.util.Properties.load(Properties.java:410)
	at org.apache.kafka.common.utils.Utils.loadProps(Utils.java:687)
	at kafka.Kafka$.getPropsFromArgs(Kafka.scala:50)
	at kafka.Kafka$.main(Kafka.scala:89)
	at kafka.Kafka.main(Kafka.scala)
