[2024-05-28 14:34:10,674] [INFO] - Influx client ping response: 1.8.10
[2024-05-28 14:34:10,674] [INFO] - UDP server up and listening at UDP port: 8192
[2024-05-28 14:39:15,745] [INFO] - Received INT report (21 bytes) from: ('10.0.0.11', 55337)
[2024-05-28 14:39:15,747] [INFO] - <__main__.IntReport object at 0x7f3aa0a8a8e0>
[2024-05-28 14:39:15,747] [INFO] - Received INT report (21 bytes) from: ('10.0.0.12', 58215)
[2024-05-28 14:39:15,748] [INFO] - <__main__.IntReport object at 0x7f3aa0a8ac70>
[2024-05-28 14:39:15,748] [INFO] - Received INT report (21 bytes) from: ('10.0.0.13', 65167)
[2024-05-28 14:39:15,749] [INFO] - <__main__.IntReport object at 0x7f3aa0a8a8b0>
[2024-05-28 14:39:15,750] [INFO] - Received INT report (21 bytes) from: ('10.0.0.14', 56984)
[2024-05-28 14:39:15,750] [INFO] - <__main__.IntReport object at 0x7f3aa0a8aa90>
[2024-05-28 14:39:15,752] [INFO] - Received INT report (21 bytes) from: ('10.0.0.15', 65081)
[2024-05-28 14:39:15,752] [INFO] - <__main__.IntReport object at 0x7f3aa0a8abb0>
[2024-05-28 14:39:15,755] [INFO] - Received INT report (21 bytes) from: ('10.0.0.16', 63210)
[2024-05-28 14:39:15,755] [INFO] - <__main__.IntReport object at 0x7f3aa0a8afd0>
[2024-05-28 14:39:15,756] [INFO] - Received INT report (21 bytes) from: ('10.0.0.17', 49282)
[2024-05-28 14:39:15,756] [INFO] - <__main__.IntReport object at 0x7f3aa0a8a820>
[2024-05-28 14:39:15,758] [INFO] - Received INT report (21 bytes) from: ('10.0.0.18', 51166)
[2024-05-28 14:39:15,759] [INFO] - <__main__.IntReport object at 0x7f3aa0a8a910>
[2024-05-28 14:39:15,760] [INFO] - Received INT report (21 bytes) from: ('10.0.0.19', 65471)
[2024-05-28 14:39:15,760] [INFO] - <__main__.IntReport object at 0x7f3aa0a8ad00>
[2024-05-28 14:39:15,762] [INFO] - Received INT report (21 bytes) from: ('10.0.0.20', 59578)
[2024-05-28 14:39:15,762] [INFO] - <__main__.IntReport object at 0x7f3aa0a8a9d0>
[2024-05-28 14:39:15,764] [INFO] - Received INT report (21 bytes) from: ('10.0.0.20', 60855)
[2024-05-28 14:39:15,764] [INFO] - <__main__.IntReport object at 0x7f3aa0a8a940>
[2024-05-28 14:39:15,766] [INFO] - Received INT report (21 bytes) from: ('10.0.0.19', 57797)
[2024-05-28 14:39:15,766] [INFO] - <__main__.IntReport object at 0x7f3aa0a8a7f0>
[2024-05-28 14:39:15,767] [INFO] - Received INT report (21 bytes) from: ('10.0.0.18', 50221)
[2024-05-28 14:39:15,767] [INFO] - <__main__.IntReport object at 0x7f3aa0a9a310>
[2024-05-28 14:39:15,768] [INFO] - Received INT report (21 bytes) from: ('10.0.0.17', 55928)
[2024-05-28 14:39:15,768] [INFO] - <__main__.IntReport object at 0x7f3aa0a9a130>
[2024-05-28 14:39:15,768] [INFO] - Received INT report (21 bytes) from: ('10.0.0.16', 56954)
[2024-05-28 14:39:15,768] [INFO] - <__main__.IntReport object at 0x7f3aa0a9a040>
[2024-05-28 14:39:15,769] [INFO] - Received INT report (21 bytes) from: ('10.0.0.15', 60481)
[2024-05-28 14:39:15,769] [INFO] - <__main__.IntReport object at 0x7f3aa0a9a2e0>
[2024-05-28 14:39:15,770] [INFO] - Received INT report (21 bytes) from: ('10.0.0.14', 49949)
[2024-05-28 14:39:15,770] [INFO] - <__main__.IntReport object at 0x7f3aa0a9a100>
[2024-05-28 14:39:15,771] [INFO] - Received INT report (21 bytes) from: ('10.0.0.13', 49378)
[2024-05-28 14:39:15,771] [INFO] - <__main__.IntReport object at 0x7f3aa0a9a400>
[2024-05-28 14:39:15,772] [INFO] - Received INT report (21 bytes) from: ('10.0.0.12', 63253)
[2024-05-28 14:39:15,772] [INFO] - <__main__.IntReport object at 0x7f3aa0a9a3d0>
[2024-05-28 14:39:15,773] [INFO] - Received INT report (21 bytes) from: ('10.0.0.11', 55227)
[2024-05-28 14:39:15,773] [INFO] - <__main__.IntReport object at 0x7f3aa0a9a0d0>
[2024-05-28 14:39:15,773] [INFO] - Sending 20 reports to influx from last 305.09896445274353 secs
[2024-05-28 14:39:15,776] [INFO] - Json body for influx:
 [{'fields': {'CML': 1,
             'Dropped': 0,
             'RND': 51,
             'Sequence Number': 0,
             'Service Index': 9,
             'Service Path Identifier': 55,
             'Switch IP': '10.0.0.11'},
  'measurement': 'int_telemetry',
  'time': 0},
 {'fields': {'CML': 27,
             'Dropped': 0,
             'RND': 51,
             'Sequence Number': 0,
             'Service Index': 8,
             'Service Path Identifier': 55,
             'Switch IP': '10.0.0.12'},
  'measurement': 'int_telemetry',
  'time': 1},
 {'fields': {'CML': 3,
             'Dropped': 0,
             'RND': 51,
             'Sequence Number': 0,
             'Service Index': 7,
             'Service Path Identifier': 55,
             'Switch IP': '10.0.0.13'},
  'measurement': 'int_telemetry',
  'time': 2},
 {'fields': {'CML': 21,
             'Dropped': 0,
             'RND': 51,
             'Sequence Number': 0,
             'Service Index': 6,
             'Service Path Identifier': 55,
             'Switch IP': '10.0.0.14'},
  'measurement': 'int_telemetry',
  'time': 3},
 {'fields': {'CML': 39,
             'Dropped': 0,
             'RND': 51,
             'Sequence Number': 0,
             'Service Index': 5,
             'Service Path Identifier': 55,
             'Switch IP': '10.0.0.15'},
  'measurement': 'int_telemetry',
  'time': 5},
 {'fields': {'CML': 39,
             'Dropped': 0,
             'RND': 51,
             'Sequence Number': 0,
             'Service Index': 4,
             'Service Path Identifier': 55,
             'Switch IP': '10.0.0.16'},
  'measurement': 'int_telemetry',
  'time': 8},
 {'fields': {'CML': 41,
             'Dropped': 0,
             'RND': 51,
             'Sequence Number': 0,
             'Service Index': 3,
             'Service Path Identifier': 55,
             'Switch IP': '10.0.0.17'},
  'measurement': 'int_telemetry',
  'time': 9},
 {'fields': {'CML': 15,
             'Dropped': 0,
             'RND': 51,
             'Sequence Number': 0,
             'Service Index': 2,
             'Service Path Identifier': 55,
             'Switch IP': '10.0.0.18'},
  'measurement': 'int_telemetry',
  'time': 12},
 {'fields': {'CML': 30,
             'Dropped': 0,
             'RND': 51,
             'Sequence Number': 0,
             'Service Index': 1,
             'Service Path Identifier': 55,
             'Switch IP': '10.0.0.19'},
  'measurement': 'int_telemetry',
  'time': 13},
 {'fields': {'CML': 2,
             'Dropped': 0,
             'RND': 51,
             'Sequence Number': 0,
             'Service Index': 0,
             'Service Path Identifier': 55,
             'Switch IP': '10.0.0.20'},
  'measurement': 'int_telemetry',
  'time': 15},
 {'fields': {'CML': 61,
             'Dropped': 0,
             'RND': 56,
             'Sequence Number': 0,
             'Service Index': 9,
             'Service Path Identifier': 23,
             'Switch IP': '10.0.0.20'},
  'measurement': 'int_telemetry',
  'time': 17},
 {'fields': {'CML': 61,
             'Dropped': 0,
             'RND': 56,
             'Sequence Number': 0,
             'Service Index': 8,
             'Service Path Identifier': 23,
             'Switch IP': '10.0.0.19'},
  'measurement': 'int_telemetry',
  'time': 19},
 {'fields': {'CML': 6,
             'Dropped': 0,
             'RND': 56,
             'Sequence Number': 0,
             'Service Index': 7,
             'Service Path Identifier': 23,
             'Switch IP': '10.0.0.18'},
  'measurement': 'int_telemetry',
  'time': 20},
 {'fields': {'CML': 23,
             'Dropped': 0,
             'RND': 56,
             'Sequence Number': 0,
             'Service Index': 6,
             'Service Path Identifier': 23,
             'Switch IP': '10.0.0.17'},
  'measurement': 'int_telemetry',
  'time': 21},
 {'fields': {'CML': 0,
             'Dropped': 0,
             'RND': 56,
             'Sequence Number': 0,
             'Service Index': 5,
             'Service Path Identifier': 23,
             'Switch IP': '10.0.0.16'},
  'measurement': 'int_telemetry',
  'time': 21},
 {'fields': {'CML': 11,
             'Dropped': 0,
             'RND': 56,
             'Sequence Number': 0,
             'Service Index': 4,
             'Service Path Identifier': 23,
             'Switch IP': '10.0.0.15'},
  'measurement': 'int_telemetry',
  'time': 22},
 {'fields': {'CML': 49,
             'Dropped': 0,
             'RND': 56,
             'Sequence Number': 0,
             'Service Index': 3,
             'Service Path Identifier': 23,
             'Switch IP': '10.0.0.14'},
  'measurement': 'int_telemetry',
  'time': 23},
 {'fields': {'CML': 14,
             'Dropped': 0,
             'RND': 56,
             'Sequence Number': 0,
             'Service Index': 2,
             'Service Path Identifier': 23,
             'Switch IP': '10.0.0.13'},
  'measurement': 'int_telemetry',
  'time': 24},
 {'fields': {'CML': 65,
             'Dropped': 0,
             'RND': 56,
             'Sequence Number': 0,
             'Service Index': 1,
             'Service Path Identifier': 23,
             'Switch IP': '10.0.0.12'},
  'measurement': 'int_telemetry',
  'time': 25},
 {'fields': {'CML': 7,
             'Dropped': 0,
             'RND': 56,
             'Sequence Number': 0,
             'Service Index': 0,
             'Service Path Identifier': 23,
             'Switch IP': '10.0.0.11'},
  'measurement': 'int_telemetry',
  'time': 26}]
[2024-05-28 14:39:15,802] [INFO] -  20 int reports sent to the influx
[2024-05-28 14:39:20,742] [INFO] - Received INT report (21 bytes) from: ('10.0.0.11', 64090)
[2024-05-28 14:39:20,742] [INFO] - <__main__.IntReport object at 0x7f3aa0a8a8e0>
[2024-05-28 14:39:20,742] [INFO] - Received INT report (21 bytes) from: ('10.0.0.12', 53100)
[2024-05-28 14:39:20,743] [INFO] - <__main__.IntReport object at 0x7f3aa0a8ac70>
[2024-05-28 14:39:20,745] [INFO] - Received INT report (21 bytes) from: ('10.0.0.13', 55685)
[2024-05-28 14:39:20,745] [INFO] - <__main__.IntReport object at 0x7f3aa0a8a8b0>
[2024-05-28 14:39:20,746] [INFO] - Received INT report (21 bytes) from: ('10.0.0.14', 50089)
[2024-05-28 14:39:20,746] [INFO] - <__main__.IntReport object at 0x7f3aa0a8aa90>
[2024-05-28 14:39:20,747] [INFO] - Received INT report (21 bytes) from: ('10.0.0.15', 63301)
[2024-05-28 14:39:20,747] [INFO] - <__main__.IntReport object at 0x7f3aa0a8abb0>
[2024-05-28 14:39:20,749] [INFO] - Received INT report (21 bytes) from: ('10.0.0.16', 49534)
[2024-05-28 14:39:20,749] [INFO] - <__main__.IntReport object at 0x7f3aa0a8afd0>
[2024-05-28 14:39:20,750] [INFO] - Received INT report (21 bytes) from: ('10.0.0.17', 54383)
[2024-05-28 14:39:20,750] [INFO] - <__main__.IntReport object at 0x7f3aa0a8a820>
[2024-05-28 14:39:20,751] [INFO] - Received INT report (21 bytes) from: ('10.0.0.18', 60312)
[2024-05-28 14:39:20,751] [INFO] - <__main__.IntReport object at 0x7f3aa0a8a910>
[2024-05-28 14:39:20,752] [INFO] - Received INT report (21 bytes) from: ('10.0.0.19', 50906)
[2024-05-28 14:39:20,752] [INFO] - <__main__.IntReport object at 0x7f3aa0a8ad00>
[2024-05-28 14:39:20,753] [INFO] - Received INT report (21 bytes) from: ('10.0.0.20', 59464)
[2024-05-28 14:39:20,753] [INFO] - <__main__.IntReport object at 0x7f3aa0a8a9d0>
[2024-05-28 14:39:20,753] [INFO] - Received INT report (21 bytes) from: ('10.0.0.20', 56328)
[2024-05-28 14:39:20,753] [INFO] - <__main__.IntReport object at 0x7f3aa0a8a940>
[2024-05-28 14:39:20,754] [INFO] - Received INT report (21 bytes) from: ('10.0.0.19', 63750)
[2024-05-28 14:39:20,754] [INFO] - <__main__.IntReport object at 0x7f3aa0a8a7f0>
[2024-05-28 14:39:20,756] [INFO] - Received INT report (21 bytes) from: ('10.0.0.17', 59351)
[2024-05-28 14:39:20,756] [INFO] - <__main__.IntReport object at 0x7f3aa0f17640>
[2024-05-28 14:39:20,756] [INFO] - Received INT report (21 bytes) from: ('10.0.0.18', 51387)
[2024-05-28 14:39:20,756] [INFO] - <__main__.IntReport object at 0x7f3aa0a9a0d0>
[2024-05-28 14:39:20,757] [INFO] - Received INT report (21 bytes) from: ('10.0.0.16', 54063)
[2024-05-28 14:39:20,757] [INFO] - <__main__.IntReport object at 0x7f3aa0a9a310>
[2024-05-28 14:39:20,758] [INFO] - Received INT report (21 bytes) from: ('10.0.0.15', 53819)
[2024-05-28 14:39:20,758] [INFO] - <__main__.IntReport object at 0x7f3aa0a9a130>
[2024-05-28 14:39:20,759] [INFO] - Received INT report (21 bytes) from: ('10.0.0.14', 64423)
[2024-05-28 14:39:20,759] [INFO] - <__main__.IntReport object at 0x7f3aa0a9a040>
[2024-05-28 14:39:20,761] [INFO] - Received INT report (21 bytes) from: ('10.0.0.13', 55002)
[2024-05-28 14:39:20,761] [INFO] - <__main__.IntReport object at 0x7f3aa0a9a2e0>
[2024-05-28 14:39:20,761] [INFO] - Received INT report (21 bytes) from: ('10.0.0.12', 61125)
[2024-05-28 14:39:20,761] [INFO] - <__main__.IntReport object at 0x7f3aa0a9a100>
[2024-05-28 14:39:20,762] [INFO] - Received INT report (21 bytes) from: ('10.0.0.11', 55065)
[2024-05-28 14:39:20,762] [INFO] - <__main__.IntReport object at 0x7f3aa0a9a400>
[2024-05-28 14:39:20,762] [INFO] - Sending 20 reports to influx from last 4.959807634353638 secs
[2024-05-28 14:39:20,768] [INFO] - Json body for influx:
 [{'fields': {'CML': 51,
             'Dropped': 0,
             'RND': 44,
             'Sequence Number': 5,
             'Service Index': 9,
             'Service Path Identifier': 55,
             'Switch IP': '10.0.0.11'},
  'measurement': 'int_telemetry',
  'time': 4995},
 {'fields': {'CML': 33,
             'Dropped': 0,
             'RND': 44,
             'Sequence Number': 5,
             'Service Index': 8,
             'Service Path Identifier': 55,
             'Switch IP': '10.0.0.12'},
  'measurement': 'int_telemetry',
  'time': 4995},
 {'fields': {'CML': 39,
             'Dropped': 0,
             'RND': 44,
             'Sequence Number': 5,
             'Service Index': 7,
             'Service Path Identifier': 55,
             'Switch IP': '10.0.0.13'},
  'measurement': 'int_telemetry',
  'time': 4998},
 {'fields': {'CML': 45,
             'Dropped': 0,
             'RND': 44,
             'Sequence Number': 5,
             'Service Index': 6,
             'Service Path Identifier': 55,
             'Switch IP': '10.0.0.14'},
  'measurement': 'int_telemetry',
  'time': 4999},
 {'fields': {'CML': 40,
             'Dropped': 0,
             'RND': 44,
             'Sequence Number': 5,
             'Service Index': 5,
             'Service Path Identifier': 55,
             'Switch IP': '10.0.0.15'},
  'measurement': 'int_telemetry',
  'time': 5000},
 {'fields': {'CML': 38,
             'Dropped': 0,
             'RND': 44,
             'Sequence Number': 5,
             'Service Index': 4,
             'Service Path Identifier': 55,
             'Switch IP': '10.0.0.16'},
  'measurement': 'int_telemetry',
  'time': 5002},
 {'fields': {'CML': 3,
             'Dropped': 0,
             'RND': 44,
             'Sequence Number': 5,
             'Service Index': 3,
             'Service Path Identifier': 55,
             'Switch IP': '10.0.0.17'},
  'measurement': 'int_telemetry',
  'time': 5003},
 {'fields': {'CML': 3,
             'Dropped': 0,
             'RND': 44,
             'Sequence Number': 5,
             'Service Index': 2,
             'Service Path Identifier': 55,
             'Switch IP': '10.0.0.18'},
  'measurement': 'int_telemetry',
  'time': 5004},
 {'fields': {'CML': 48,
             'Dropped': 0,
             'RND': 44,
             'Sequence Number': 5,
             'Service Index': 1,
             'Service Path Identifier': 55,
             'Switch IP': '10.0.0.19'},
  'measurement': 'int_telemetry',
  'time': 5005},
 {'fields': {'CML': 62,
             'Dropped': 0,
             'RND': 44,
             'Sequence Number': 5,
             'Service Index': 0,
             'Service Path Identifier': 55,
             'Switch IP': '10.0.0.20'},
  'measurement': 'int_telemetry',
  'time': 5006},
 {'fields': {'CML': 59,
             'Dropped': 0,
             'RND': 67,
             'Sequence Number': 5,
             'Service Index': 9,
             'Service Path Identifier': 23,
             'Switch IP': '10.0.0.20'},
  'measurement': 'int_telemetry',
  'time': 5006},
 {'fields': {'CML': 42,
             'Dropped': 0,
             'RND': 67,
             'Sequence Number': 5,
             'Service Index': 8,
             'Service Path Identifier': 23,
             'Switch IP': '10.0.0.19'},
  'measurement': 'int_telemetry',
  'time': 5007},
 {'fields': {'CML': 14,
             'Dropped': 0,
             'RND': 67,
             'Sequence Number': 5,
             'Service Index': 6,
             'Service Path Identifier': 23,
             'Switch IP': '10.0.0.17'},
  'measurement': 'int_telemetry',
  'time': 5009},
 {'fields': {'CML': 26,
             'Dropped': 0,
             'RND': 67,
             'Sequence Number': 5,
             'Service Index': 7,
             'Service Path Identifier': 23,
             'Switch IP': '10.0.0.18'},
  'measurement': 'int_telemetry',
  'time': 5009},
 {'fields': {'CML': 8,
             'Dropped': 0,
             'RND': 67,
             'Sequence Number': 5,
             'Service Index': 5,
             'Service Path Identifier': 23,
             'Switch IP': '10.0.0.16'},
  'measurement': 'int_telemetry',
  'time': 5010},
 {'fields': {'CML': 3,
             'Dropped': 0,
             'RND': 67,
             'Sequence Number': 5,
             'Service Index': 4,
             'Service Path Identifier': 23,
             'Switch IP': '10.0.0.15'},
  'measurement': 'int_telemetry',
  'time': 5011},
 {'fields': {'CML': 13,
             'Dropped': 0,
             'RND': 67,
             'Sequence Number': 5,
             'Service Index': 3,
             'Service Path Identifier': 23,
             'Switch IP': '10.0.0.14'},
  'measurement': 'int_telemetry',
  'time': 5012},
 {'fields': {'CML': 52,
             'Dropped': 0,
             'RND': 67,
             'Sequence Number': 5,
             'Service Index': 2,
             'Service Path Identifier': 23,
             'Switch IP': '10.0.0.13'},
  'measurement': 'int_telemetry',
  'time': 5014},
 {'fields': {'CML': 8,
             'Dropped': 0,
             'RND': 67,
             'Sequence Number': 5,
             'Service Index': 1,
             'Service Path Identifier': 23,
             'Switch IP': '10.0.0.12'},
  'measurement': 'int_telemetry',
  'time': 5014},
 {'fields': {'CML': 18,
             'Dropped': 0,
             'RND': 67,
             'Sequence Number': 5,
             'Service Index': 0,
             'Service Path Identifier': 23,
             'Switch IP': '10.0.0.11'},
  'measurement': 'int_telemetry',
  'time': 5015}]
[2024-05-28 14:39:20,773] [INFO] -  20 int reports sent to the influx
